<?xml version="1.0" encoding="UTF-8"?>
<!-- Generated by org.testng.reporters.JUnitXMLReporter -->
<testsuite ignored="0" hostname="P2ELT33" failures="0" tests="4" name="Test" time="201.987" errors="0" timestamp="02 Dec 2024 06:23:40 GMT">
  <testcase classname="utils.VerifyingTags" name="testWIONews" time="5.356"/>
  <testcase classname="utils.VerifyingTags" name="testZeeNews" time="4.813"/>
  <testcase classname="utils.BrokenLink" name="checkBrokenLinksWIONews" time="64.158"/>
  <testcase classname="utils.BrokenLink" name="checkBrokenLinksZeeNews" time="120.062"/>
</testsuite> <!-- Test -->
