<?xml version="1.0" encoding="UTF-8"?>
<testng-results ignored="0" total="1" passed="1" failed="0" skipped="0">
  <reporter-output>
  </reporter-output>
  <suite started-at="2025-05-23T14:11:31 IST" name="Default suite" finished-at="2025-05-23T14:13:25 IST" duration-ms="114058">
    <groups>
    </groups>
    <test started-at="2025-05-23T14:11:31 IST" name="Default test" finished-at="2025-05-23T14:13:25 IST" duration-ms="114058">
      <class name="Com.tests.GAComScoreTest">
        <test-method signature="GATest()[pri:0, instance:Com.tests.GAComScoreTest@2a7f1f10]" started-at="2025-05-23T14:11:31 IST" name="GATest" finished-at="2025-05-23T14:13:25 IST" duration-ms="114012" status="PASS">
          <reporter-output>
          </reporter-output>
        </test-method> <!-- GATest -->
      </class> <!-- Com.tests.GAComScoreTest -->
    </test> <!-- Default test -->
  </suite> <!-- Default suite -->
</testng-results>
