<?xml version="1.0" encoding="UTF-8"?>
<testng-results ignored="0" total="1" passed="1" failed="0" skipped="0">
  <reporter-output>
  </reporter-output>
  <suite started-at="2025-04-28T06:28:15Z" name="Default suite" finished-at="2025-04-28T06:29:26Z" duration-ms="71691">
    <groups>
    </groups>
    <test started-at="2025-04-28T06:28:15Z" name="Default test" finished-at="2025-04-28T06:29:26Z" duration-ms="71691">
      <class name="utils.BrokenLink">
        <test-method is-config="true" signature="setupTest()[pri:0, instance:utils.BrokenLink@3feb2dda]" started-at="2025-04-28T11:58:15Z" name="setupTest" finished-at="2025-04-28T11:58:17Z" duration-ms="2507" status="PASS">
          <reporter-output>
          </reporter-output>
        </test-method> <!-- setupTest -->
        <test-method signature="checkBrokenLinksZeeNews()[pri:0, instance:utils.BrokenLink@3feb2dda]" started-at="2025-04-28T11:58:17Z" name="checkBrokenLinksZeeNews" finished-at="2025-04-28T11:59:24Z" duration-ms="67131" status="PASS">
          <reporter-output>
          </reporter-output>
        </test-method> <!-- checkBrokenLinksZeeNews -->
        <test-method is-config="true" signature="tearDown()[pri:0, instance:utils.BrokenLink@3feb2dda]" started-at="2025-04-28T11:59:24Z" name="tearDown" finished-at="2025-04-28T11:59:26Z" duration-ms="2041" status="PASS">
          <reporter-output>
          </reporter-output>
        </test-method> <!-- tearDown -->
      </class> <!-- utils.BrokenLink -->
    </test> <!-- Default test -->
  </suite> <!-- Default suite -->
</testng-results>
